C51 COMPILER V9.00   KEY                                                                   12/09/2019 17:56:04 PAGE 1   


C51 COMPILER V9.00, COMPILATION OF MODULE KEY
OBJECT MODULE PLACED IN .\output\Key.obj
COMPILER INVOKED BY: C:\Keil_v5\C51\BIN\C51.EXE code\Key.c LARGE OPTIMIZE(7,SPEED) BROWSE INCDIR(.\header) DEBUG OBJECTE
                    -XTEND PRINT(.\output\Key.lst) OBJECT(.\output\Key.obj)

line level    source

   1          /********************************************************************************
   2          Copyright (C), Sinowealth Electronic. Ltd.
   3          Author:         Sino
   4          Version:        V0.0
   5          Date:           2017/04/01
   6          History:        Sino
   7          ********************************************************************************/
   8          /* ****************************************************************************************************/
   9          #include "system.h"
  10          
  11          
  12          extern void IntoPowerDown(void);
  13          
  14          /*******************************************************************************
  15          Function: ScanKey(void)
  16          Description:  
  17          Input:          
  18          Output: 
  19          Others:
  20          *******************************************************************************/
  21          void ScanKey(void)
  22          {
  23   1              RSTSTAT = 0x00;
  24   1              if(!bKeyFlg)
  25   1              {
  26   2                      ucKeyValueBK = KEYVAL_NULL;
  27   2                      if(!KEY_ON_IO)
  28   2                      {
  29   3                              ucKeyValueBK = KEY_ON;
  30   3                      }
  31   2              else if(!KEY_LED_IO)
  32   2              {
  33   3                              ucKeyValueBK = KEY_LED;
  34   3              }
  35   2                      
  36   2                      if(ucKeyValueBK != ucKeyOldValue)
  37   2                      {
  38   3                              ucKeyInvalidCnt++;
  39   3                              if(ucKeyValidCnt >= KEY_S_TIME)                                                   
  40   3                              {
  41   4                                      if(ucKeyInvalidCnt >= KEY_S_TIME)                                                 
  42   4                                      {
  43   5                                              if(ucKeyValidCnt >= KEY_L_TIME)                                   
  44   5                                              {
  45   6                                                      ucKeyValue = ucKeyOldValue | (KEY_STATE_LE<<4);   
  46   6                                              }
  47   5                                              else
  48   5                                              {
  49   6                                                      ucKeyValue = ucKeyOldValue | (KEY_STATE_S<<4);    
  50   6                                              }
  51   5                                              bKeyFlg = 1;
  52   5                                              goto scanend;
  53   5                                      }
  54   4                                      else
C51 COMPILER V9.00   KEY                                                                   12/09/2019 17:56:04 PAGE 2   

  55   4                                      {
  56   5                                              ucKeyValidCnt++;
  57   5                                      }
  58   4                              }
  59   3                              else
  60   3                              {
  61   4                                      goto scanend;
  62   4                              }
  63   3                      }
  64   2                      else
  65   2                      {
  66   3                              if(ucKeyValueBK != KEYVAL_NULL)
  67   3                              {
  68   4                                      ucKeyInvalidCnt = 0;
  69   4                                      ucKeyValidCnt++;
  70   4                                      if(ucKeyValidCnt == KEY_L_TIME)
  71   4                                      {
  72   5                                              ucKeyValue = ucKeyOldValue | (KEY_STATE_L<<4);
  73   5                                              bKeyFlg = 1;
  74   5                                      }
  75   4                                      else if(ucKeyValidCnt == KEY_LC_TIME)
  76   4                                      {
  77   5                                              ucKeyValidCnt = KEY_L_TIME;
  78   5                                              ucKeyValue = ucKeyOldValue | (KEY_STATE_LC<<4);
  79   5                                              bKeyFlg = 1;
  80   5                                      }
  81   4                              }
  82   3                              else
  83   3                              {
  84   4                                      ucKeyValue = KEYVAL_NULL;
  85   4      scanend:
  86   4                                      ucKeyValidCnt = 0;              //clr count and update key old value
  87   4                                      ucKeyInvalidCnt = 0;
  88   4                                      ucKeyOldValue = ucKeyValueBK;
  89   4                              }
  90   3                      }
  91   2              }
  92   1      }
  93          
  94          /*******************************************************************************
  95          Function: ProcessKeySpeed(void)
  96          Description:  
  97          Input:          
  98          Output: 
  99          Others:
 100          *******************************************************************************/
 101          void ProcessKeySpeed(void)
 102          {
 103   1              bSlowDischarge = 0;
 104   1          bMidDischarge = 0;
 105   1              bFastDischarge = 0;
 106   1      
 107   1              if(ucDsgingSpeed == 0)
 108   1              {
 109   2                      ucDsgingSpeed = 1;
 110   2                      bMidDischarge = 1;
 111   2                      PWM2DL = (U16)(PWM2PL+PWM2PH*256)*E2ucDSG1PWMRatioH/100;
 112   2                      PWM2DH = ((U16)(PWM2PL+PWM2PH*256)*E2ucDSG1PWMRatioH/100) >> 8;
 113   2              }
 114   1              else if(ucDsgingSpeed == 1)
 115   1              {
 116   2                      ucDsgingSpeed = 2;
C51 COMPILER V9.00   KEY                                                                   12/09/2019 17:56:04 PAGE 3   

 117   2                      bFastDischarge = 1;
 118   2                      DSG1PWM = 1;
 119   2                      PWM2CON &= ~0x01;
 120   2              }
 121   1              else
 122   1              {
 123   2                      ucDsgingSpeed = 0;
 124   2                      bSlowDischarge = 1;
 125   2                      PWM2DL = (U16)(PWM2PL+PWM2PH*256)*E2ucDSG1PWMRatioL/100;
 126   2                      PWM2DH = ((U16)(PWM2PL+PWM2PH*256)*E2ucDSG1PWMRatioL/100) >> 8;
 127   2              }
 128   1      
 129   1              Info.uiPackStatus = uiPackStatus;
 130   1      }
 131          
 132          
 133          /*******************************************************************************
 134          Function: KeyProcess(void)
 135          Description:  
 136          Input:          
 137          Output: 
 138          Others:
 139          *******************************************************************************/
 140          void KeyProcess(void)
 141          {       
 142   1          switch(ucKeyValue)
 143   1              {
 144   2                      case KEY_ON_S:
 145   2                  ProcessKeySpeed();
 146   2              break;
 147   2      
 148   2                      case KEY_LED_S:
 149   2                              if(!bLEDOpen)
 150   2                              {
 151   3                              bLEDOpen = 1;
 152   3                              ucLEDTimeCnt = 0;
 153   3                              LEDPowerOn();                                   //By LED displays battery capacity
 154   3                              }
 155   2                  else
 156   2                  {
 157   3                      ucLEDTimeCnt = 0;
 158   3                  }
 159   2              break;
 160   2      
 161   2                      case KEY_LED_L:
 162   2                  EA = 0;
 163   2                  IntoPowerDown();
 164   2                  Delay1ms(10);
 165   2                  ucResetFlag = 0x12;
 166   2                  ((void(code*)(void))0x0000)();                         //jump to addr:0x0000                                
 167   2              break;
 168   2      
 169   2                      case KEY_ON_L:
 170   2                              bBLEOPEN = ~bBLEOPEN;
 171   2                              IO_BLEPW = ~bBLEOPEN;           //长按2S蓝牙电源开启/关闭                       
 172   2              break;
 173   2      
 174   2              default:
 175   2              break;
 176   2          }
 177   1      }
 178          
C51 COMPILER V9.00   KEY                                                                   12/09/2019 17:56:04 PAGE 4   

 179          


MODULE INFORMATION:   STATIC OVERLAYABLE
   CODE SIZE        =    361    ----
   CONSTANT SIZE    =   ----    ----
   XDATA SIZE       =   ----    ----
   PDATA SIZE       =   ----    ----
   DATA SIZE        =   ----    ----
   IDATA SIZE       =   ----    ----
   BIT SIZE         =   ----    ----
END OF MODULE INFORMATION.


C51 COMPILATION COMPLETE.  0 WARNING(S),  0 ERROR(S)
