C51 COMPILER V9.00   LED                                                                   12/09/2019 17:56:05 PAGE 1   


C51 COMPILER V9.00, COMPILATION OF MODULE LED
OBJECT MODULE PLACED IN .\output\Led.obj
COMPILER INVOKED BY: C:\Keil_v5\C51\BIN\C51.EXE code\Led.c LARGE OPTIMIZE(7,SPEED) BROWSE INCDIR(.\header) DEBUG OBJECTE
                    -XTEND PRINT(.\output\Led.lst) OBJECT(.\output\Led.obj)

line level    source

   1          /********************************************************************************
   2          Copyright (C), Sinowealth Electronic. Ltd.
   3          Author:         Sino
   4          Version:        V0.0
   5          Date:           2014/05/30
   6          History:
   7                  V0.0            2014/05/30               Preliminary
   8          ********************************************************************************/
   9          #include "System.h"
  10          
  11          
  12          /*******************************************************************************
  13          Function: LEDPowerOn(), LEDPowerOff()
  14          Description:  By LED displays battery capacity, long display time 4s
  15                  bLEDNum1,0: The total number of LED
  16                  Info.uiRSOC:   The percentage of remaining capacity
  17          Input:
  18          Output: 
  19          Others:
  20          *******************************************************************************/
  21          void LEDPowerOn(void)
  22          {       
  23   1              if(!bLEDNum1 && bLEDNum0)                                       //3'LED
  24   1              {
  25   2                      if(Info.uiRSOC > 60)
  26   2                      {
  27   3                              LEDOn3;
  28   3                      }
  29   2                      else if(Info.uiRSOC > 20)
  30   2                      {
  31   3                              LEDOn2;
  32   3                      }
  33   2                      else if(Info.uiRSOC > 0)
  34   2                      {
  35   3                              LEDOn1;
  36   3                      }
  37   2                      else
  38   2                      {
  39   3                              LEDOff;
  40   3                      }
  41   2              }
  42   1              else if(bLEDNum1 && !bLEDNum0)                  //4'LED
  43   1              {
  44   2                      if(Info.uiRSOC > 75)
  45   2                      {
  46   3                              LEDOn4;
  47   3                      }
  48   2                      else if(Info.uiRSOC > 50)
  49   2                      {
  50   3                              LEDOn3;
  51   3                      }
  52   2                      else if(Info.uiRSOC > 25)
  53   2                      {
  54   3                              LEDOn2;
C51 COMPILER V9.00   LED                                                                   12/09/2019 17:56:05 PAGE 2   

  55   3                      }
  56   2                      else if(Info.uiRSOC > 0)
  57   2                      {
  58   3                              LEDOn1;
  59   3                      }
  60   2                      else
  61   2                      {
  62   3                              LEDOff;
  63   3                      }
  64   2              }
  65   1              else if(bLEDNum1 && bLEDNum0)                   //5'LED
  66   1              {
  67   2                      if(Info.uiRSOC > 80)
  68   2                      {
  69   3                              LEDOn5;
  70   3                      }
  71   2                      else if(Info.uiRSOC > 60)
  72   2                      {
  73   3                              LEDOn4;
  74   3                      }
  75   2                      else if(Info.uiRSOC > 40)
  76   2                      {
  77   3                              LEDOn3;
  78   3                      }
  79   2                      else if(Info.uiRSOC > 20)
  80   2                      {
  81   3                              LEDOn2;
  82   3                      }
  83   2                      else if(Info.uiRSOC > 0)
  84   2                      {
  85   3                              LEDOn1;
  86   3                      }
  87   2                      else
  88   2                      {
  89   3                              LEDOff;
  90   3                      }
  91   2              }
  92   1      }
  93          
  94          void LEDPowerOff(void)
  95          {
  96   1              if(bLEDOpen)                                            //LED display time counting
  97   1              {
  98   2                      if(++ucLEDTimeCnt >= 4)
  99   2                      {
 100   3                              ucLEDTimeCnt = 0;
 101   3                              bLEDOpen = 0;
 102   3                              LEDOff;
 103   3                      }
 104   2              }
 105   1      }
 106          


MODULE INFORMATION:   STATIC OVERLAYABLE
   CODE SIZE        =    341    ----
   CONSTANT SIZE    =   ----    ----
   XDATA SIZE       =   ----    ----
   PDATA SIZE       =   ----    ----
   DATA SIZE        =   ----    ----
   IDATA SIZE       =   ----    ----
   BIT SIZE         =   ----    ----
C51 COMPILER V9.00   LED                                                                   12/09/2019 17:56:05 PAGE 3   

END OF MODULE INFORMATION.


C51 COMPILATION COMPLETE.  0 WARNING(S),  0 ERROR(S)
